C51 COMPILER V9.54   LCD                                                                   04/07/2020 06:54:09 PAGE 1   


C51 COMPILER V9.54, COMPILATION OF MODULE LCD
OBJECT MODULE PLACED IN .\Objects\lcd.obj
COMPILER INVOKED BY: D:\keil5 for c51\C51\BIN\C51.EXE bsp\src\lcd.c OPTIMIZE(8,SPEED) BROWSE INCDIR(.\app;.\bsp;.\bsp\in
                    -c) DEBUG OBJECTEXTEND PRINT(.\Listings\lcd.lst) TABS(2) OBJECT(.\Objects\lcd.obj)

line level    source

   1          #include "lcd.h"
   2          
   3          
   4          //LCD driver---------------------
   5          void lcd_delayms(u16 z)
   6          {
   7   1         u16 x,y;
   8   1         for(x=z;x>0;x--)
   9   1          for(y=110;y>0;y--); 
  10   1      }
  11          
  12          void lcd_write_com(u8 com)
  13          {
  14   1        RDA = 0;
  15   1        P3 = com;
  16   1        lcd_delayms(5);
  17   1        LCDEN = 1;
  18   1        lcd_delayms(5);
  19   1        LCDEN = 0;
  20   1      }
  21          
  22          void lcd_write_data(u8 dat)
  23          {
  24   1        RDA = 1;
  25   1        P3 = dat;
  26   1        lcd_delayms(5);
  27   1        LCDEN = 1;
  28   1        lcd_delayms(5);
  29   1        LCDEN = 0;
  30   1      }
  31          
  32          void lcd_write_str(u8 row, u8 col, u8 *pstr)
  33          {
  34   1        u8 loc;
  35   1        if(row == 1)
  36   1          loc = 0x80 + (col - 1);
  37   1        else
  38   1          loc = 0x80 + 0x40 + (col - 1);
  39   1        
  40   1        lcd_write_com(loc);
  41   1        while(*pstr != '\0')
  42   1          lcd_write_data(*pstr++);
  43   1        
  44   1      }
  45          
  46          
  47          void lcd_init()
  48          {
  49   1        LCDEN = 0;
  50   1        lcd_write_com(0x38);
  51   1        lcd_write_com(0x0c);
  52   1        lcd_write_com(0x06);
  53   1        lcd_write_com(0x01);
  54   1      }
C51 COMPILER V9.54   LCD                                                                   04/07/2020 06:54:09 PAGE 2   



MODULE INFORMATION:   STATIC OVERLAYABLE
   CODE SIZE        =    139    ----
   CONSTANT SIZE    =   ----    ----
   XDATA SIZE       =   ----    ----
   PDATA SIZE       =   ----    ----
   DATA SIZE        =   ----       4
   IDATA SIZE       =   ----    ----
   BIT SIZE         =   ----    ----
END OF MODULE INFORMATION.


C51 COMPILATION COMPLETE.  0 WARNING(S),  0 ERROR(S)
